  Source.cpp
D:\openGL_projects\flappy_bird\flappy_bird\Source.cpp(9,16): warning C4305: 'initializing': truncation from 'double' to 'float'
D:\openGL_projects\flappy_bird\flappy_bird\Source.cpp(109,24): warning C4305: 'argument': truncation from 'double' to 'GLfloat'
D:\openGL_projects\flappy_bird\flappy_bird\Source.cpp(110,23): warning C4305: 'argument': truncation from 'double' to 'GLfloat'
D:\openGL_projects\flappy_bird\flappy_bird\Source.cpp(111,24): warning C4305: 'argument': truncation from 'double' to 'GLfloat'
D:\openGL_projects\flappy_bird\flappy_bird\Source.cpp(112,25): warning C4305: 'argument': truncation from 'double' to 'GLfloat'
D:\openGL_projects\flappy_bird\flappy_bird\Source.cpp(119,46): warning C4305: 'argument': truncation from 'double' to 'float'
D:\openGL_projects\flappy_bird\flappy_bird\Source.cpp(125,31): warning C4244: '+=': conversion from 'double' to 'float', possible loss of data
D:\openGL_projects\flappy_bird\flappy_bird\Source.cpp(131,33): warning C4244: '-=': conversion from 'double' to 'float', possible loss of data
D:\openGL_projects\flappy_bird\flappy_bird\Source.cpp(135,31): warning C4244: '-=': conversion from 'double' to 'float', possible loss of data
D:\openGL_projects\flappy_bird\flappy_bird\Source.cpp(143,23): warning C4305: '-=': truncation from 'double' to 'float'
D:\openGL_projects\flappy_bird\flappy_bird\Source.cpp(146,45): warning C4244: '=': conversion from 'double' to 'float', possible loss of data
D:\openGL_projects\flappy_bird\flappy_bird\Source.cpp(153,23): warning C4305: '-=': truncation from 'double' to 'float'
D:\openGL_projects\flappy_bird\flappy_bird\Source.cpp(156,45): warning C4244: '=': conversion from 'double' to 'float', possible loss of data
D:\openGL_projects\flappy_bird\flappy_bird\Source.cpp(226,31): warning C4305: 'argument': truncation from 'double' to 'GLclampf'
  Generating code
  0 of 121 functions ( 0.0%) were compiled, the rest were copied from previous compilation.
    0 functions were new in current compilation
    0 functions had inline decision re-evaluated but remain unchanged
  Finished generating code
  flappy_bird.vcxproj -> D:\openGL_projects\flappy_bird\Release\flappy_bird.exe
